android/manifest-merger-release-report.txt
-- Merging decision tree log ---
manifest
ADDED from AndroidManifest.xml:2:1
	package
		ADDED from AndroidManifest.xml:3:5
	android:versionName
		ADDED from AndroidManifest.xml:5:5
	android:versionCode
		ADDED from AndroidManifest.xml:4:5
		INJECTED from AndroidManifest.xml:0:0
		INJECTED from AndroidManifest.xml:0:0
	xmlns:android
		ADDED from AndroidManifest.xml:2:11
uses-sdk
ADDED from AndroidManifest.xml:6:5
	android:targetSdkVersion
		ADDED from AndroidManifest.xml:6:41
	android:minSdkVersion
		ADDED from AndroidManifest.xml:6:15
uses-permission#android.permission.INTERNET
ADDED from AndroidManifest.xml:7:2
	android:name
		ADDED from AndroidManifest.xml:7:19
uses-permission#android.permission.ACCESS_NETWORK_STATE
ADDED from AndroidManifest.xml:8:2
	android:name
		ADDED from AndroidManifest.xml:8:19
uses-permission#android.permission.WRITE_EXTERNAL_STORAGE
ADDED from AndroidManifest.xml:9:2
	android:name
		ADDED from AndroidManifest.xml:9:19
uses-permission#android.permission.READ_PHONE_STATE
ADDED from AndroidManifest.xml:10:2
	android:name
		ADDED from AndroidManifest.xml:10:19
uses-permission#android.permission.ACCESS_WIFI_STATE
ADDED from AndroidManifest.xml:11:2
	android:name
		ADDED from AndroidManifest.xml:11:19
uses-permission#android.permission.MODIFY_AUDIO_SETTINGS
ADDED from AndroidManifest.xml:12:5
	android:name
		ADDED from AndroidManifest.xml:12:22
uses-permission#android.permission.RECORD_AUDIO
ADDED from AndroidManifest.xml:13:5
	android:name
		ADDED from AndroidManifest.xml:13:22
uses-permission#android.permission.ACCESS_COARSE_LOCATION
ADDED from AndroidManifest.xml:14:2
	android:name
		ADDED from AndroidManifest.xml:14:19
uses-permission#android.permission.ACCESS_FINE_LOCATION
ADDED from AndroidManifest.xml:15:2
	android:name
		ADDED from AndroidManifest.xml:15:19
application
ADDED from AndroidManifest.xml:16:5
	android:label
		ADDED from AndroidManifest.xml:19:9
	android:allowBackup
		ADDED from AndroidManifest.xml:17:9
	android:icon
		ADDED from AndroidManifest.xml:18:9
	android:theme
		ADDED from AndroidManifest.xml:20:9
meta-data#com.kii.DISTRIBUTION_ID
ADDED from AndroidManifest.xml:21:9
	android:value
		ADDED from AndroidManifest.xml:21:59
	android:name
		ADDED from AndroidManifest.xml:21:20
meta-data#com.google.android.gms.version
ADDED from AndroidManifest.xml:22:9
	android:value
		ADDED from AndroidManifest.xml:22:66
	android:name
		ADDED from AndroidManifest.xml:22:20
activity#com.mygdx.game.android.AndroidLauncher
ADDED from AndroidManifest.xml:23:9
	android:screenOrientation
		ADDED from AndroidManifest.xml:26:13
	android:label
		ADDED from AndroidManifest.xml:25:13
	android:hardwareAccelerated
		ADDED from AndroidManifest.xml:28:13
	android:configChanges
		ADDED from AndroidManifest.xml:27:13
	android:name
		ADDED from AndroidManifest.xml:24:13
intent-filter#android.intent.action.MAIN+android.intent.category.LAUNCHER
ADDED from AndroidManifest.xml:29:13
action#android.intent.action.MAIN
ADDED from AndroidManifest.xml:30:17
	android:name
		ADDED from AndroidManifest.xml:30:25
category#android.intent.category.LAUNCHER
ADDED from AndroidManifest.xml:31:17
	android:name
		ADDED from AndroidManifest.xml:31:27
activity#cn.domob.android.ads.DomobActivity
ADDED from AndroidManifest.xml:35:9
	android:theme
		ADDED from AndroidManifest.xml:36:13
	android:name
		ADDED from AndroidManifest.xml:35:19
activity#com.google.android.gms.ads.AdActivity
ADDED from AndroidManifest.xml:38:3
	android:configChanges
		ADDED from AndroidManifest.xml:39:3
	android:name
		ADDED from AndroidManifest.xml:38:13